<?xml version="1.0" encoding="UTF-8"?>
<!-- Generated by org.testng.reporters.JUnitXMLReporter -->
<testsuite ignored="0" hostname="Bishnus-MBP.fios-router.home" failures="0" tests="6" name="Default test" time="58.949" errors="0" timestamp="2020-05-30T14:06:21 EDT">
  <testcase classname="com.hrms.testcases.LoginPageValidationHW" name="emptyPasswordValidation" time="0.369"/>
  <testcase classname="com.hrms.testcases.LoginPageValidationHW" name="emptyUserNameValidation" time="0.287"/>
  <testcase classname="com.hrms.testcases.LoginPageValidationHW" name="invalidPasswordValidation" time="2.594"/>
  <testcase classname="com.hrms.testcases.LoginPageValidationHW" name="loginValidation" time="2.674"/>
  <testcase classname="com.hrms.testcases.LoginPageValidationHW" name="logoValidation" time="0.033"/>
  <testcase classname="com.hrms.testcases.LoginPageValidationHW" name="titleValidation" time="0.007"/>
</testsuite> <!-- Default test -->
